2026-05-14 10:57:49,705 [INFO] 설정 파일 로드: E:\AI-Elite_Energy-Dashboard-Web\tools\automation\mis\mis_production_coords.json
2026-05-14 10:57:49,705 [INFO]   대기시간: short=0.5s, dropdown=0.3s, query=2.0s
2026-05-14 10:57:49,705 [INFO] === MIS 생산실적 RPA 초기화 ===
2026-05-14 10:57:49,705 [INFO]   기준일자: 2026-05-01 ~ 2026-05-12
2026-05-14 10:57:49,705 [INFO]   시트명  : 2026-05
2026-05-14 10:57:49,706 [INFO]   Dry-run : True
2026-05-14 10:57:49,706 [INFO] ============================================================
2026-05-14 10:57:49,706 [INFO] MIS 생산실적 RPA 시작
2026-05-14 10:57:49,706 [INFO] ============================================================
2026-05-14 10:57:49,740 [INFO] 대상 파일 9건 발견:
2026-05-14 10:57:49,741 [INFO]   - F10_냉동.xlsx                    (factory=F10, category=냉동, suffix=-)
2026-05-14 10:57:49,741 [INFO]   - F10_냉장.xlsx                    (factory=F10, category=냉장, suffix=-)
2026-05-14 10:57:49,741 [INFO]   - F20_냉동.xlsx                    (factory=F20, category=냉동, suffix=-)
2026-05-14 10:57:49,741 [INFO]   - F20_냉장.xlsx                    (factory=F20, category=냉장, suffix=-)
2026-05-14 10:57:49,741 [INFO]   - F20_상온_MY.xlsx                 (factory=F20, category=상온, suffix=MY)
2026-05-14 10:57:49,741 [INFO]   - F30_냉장_FM.xlsx                 (factory=F30, category=냉장, suffix=FM)
2026-05-14 10:57:49,741 [INFO]   - F30_상온.xlsx                    (factory=F30, category=상온, suffix=-)
2026-05-14 10:57:49,741 [INFO]   - F40_냉동.xlsx                    (factory=F40, category=냉동, suffix=-)
2026-05-14 10:57:49,741 [INFO]   - F40_냉장_MY.xlsx                 (factory=F40, category=냉장, suffix=MY)
2026-05-14 10:57:49,742 [INFO] MIS 앱 연결 중...
2026-05-14 10:57:59,653 [INFO] MIS 연결 성공:  (신)종합정보 - [유틸리티 일자별 사용량 추이 [MA04080](Debugging Enabled)]
2026-05-14 10:58:02,542 [INFO] '기간별 제품 생산실적(일/월)' 화면으로 이동 중...
2026-05-14 10:58:06,976 [INFO] 화면 이동 완료
2026-05-14 10:58:06,977 [INFO] 기준일자 설정: 2026-05-01 ~ 2026-05-12
2026-05-14 10:58:08,644 [INFO]   시작일 클릭 (609, 108)
2026-05-14 10:58:10,724 [INFO]   시작일 입력: 2026-05-01
2026-05-14 10:58:12,749 [INFO]   종료일 입력: 2026-05-12
2026-05-14 10:58:13,803 [INFO] 항목구분 선택: 중량
2026-05-14 10:58:18,208 [INFO]   항목구분 클릭 (1201, 202)
2026-05-14 10:58:18,709 [INFO] ==================================================
2026-05-14 10:58:18,710 [INFO] ▶ F10_냉동.xlsx (factory=F10, category=냉동, suffix=-)
2026-05-14 10:58:18,710 [INFO] ==================================================
2026-05-14 10:58:18,710 [INFO] 공장 선택: F10
2026-05-14 10:58:20,674 [INFO]   드롭다운 클릭 (422, 128)
2026-05-14 10:58:23,115 [INFO]   공장 항목 클릭 (422, 187)
2026-05-14 10:58:24,116 [INFO] 카테고리1 선택: 냉동
2026-05-14 10:58:28,664 [INFO]   카테고리 클릭 (803, 165)
2026-05-14 10:58:29,166 [INFO] 조회 버튼 클릭...
2026-05-14 10:58:31,173 [INFO]   조회 클릭 (337, 74)
2026-05-14 10:58:31,173 [INFO]   데이터 로딩 대기 중...
2026-05-14 10:58:33,173 [INFO]   조회 완료
2026-05-14 10:58:33,173 [INFO] 그리드 좌상단 복사 버튼 클릭...
2026-05-14 10:58:33,174 [INFO]   복사 버튼 클릭 (334, 190)
2026-05-14 10:58:36,165 [INFO]   클립보드 읽기 성공 (Csv/euc-kr, 7262자)
2026-05-14 10:58:37,218 [INFO]   확인 팝업 닫기 완료 (Enter)
2026-05-14 10:58:37,219 [INFO]   클립보드 데이터: 72행
2026-05-14 10:58:37,220 [INFO]   클립보드 미리보기: 'Item Code,Item 명,물품대,누계계획,누계실적,누계진척율,01일,04일,05일,06일,07일,08일,09일,11일,12일,\r\n"111100","E엔초(40)_베트남","545.450","16,654","0","0.00","0","0","0","0","0","0","0","0","0",\r\n"112715","떡붕어싸만코(30)B","954.550","'
2026-05-14 10:58:37,221 [INFO]   구분자 감지: COMMA
2026-05-14 10:58:37,222 [INFO]   파싱 완료: 72행
2026-05-14 10:58:37,223 [INFO]   [DRY-RUN] F10_냉동.xlsx / 2026-05: 72행 × 16열 (기록 안함)
2026-05-14 10:58:39,565 [INFO] ==================================================
2026-05-14 10:58:39,565 [INFO] ▶ F10_냉장.xlsx (factory=F10, category=냉장, suffix=-)
2026-05-14 10:58:39,565 [INFO] ==================================================
2026-05-14 10:58:39,566 [INFO] 카테고리1 선택: 냉장
2026-05-14 10:58:43,764 [INFO]   카테고리 클릭 (803, 183)
2026-05-14 10:58:44,266 [INFO] 조회 버튼 클릭...
2026-05-14 10:58:46,204 [INFO]   조회 클릭 (337, 74)
2026-05-14 10:58:46,204 [INFO]   데이터 로딩 대기 중...
2026-05-14 10:58:48,205 [INFO]   조회 완료
2026-05-14 10:58:48,205 [INFO] 그리드 좌상단 복사 버튼 클릭...
2026-05-14 10:58:48,205 [INFO]   복사 버튼 클릭 (334, 190)
2026-05-14 10:58:51,180 [INFO]   클립보드 읽기 성공 (Csv/euc-kr, 7987자)
2026-05-14 10:58:52,236 [INFO]   확인 팝업 닫기 완료 (Enter)
2026-05-14 10:58:52,237 [INFO]   클립보드 데이터: 64행
2026-05-14 10:58:52,238 [INFO]   클립보드 미리보기: 'Item Code,Item 명,물품대,누계계획,누계실적,누계진척율,01일,02일,03일,04일,05일,06일,07일,08일,09일,11일,12일,\r\n"122324","빙그레생크림_소프트랩(16)","5,200.000","13,776","4,096","29.73","800","0","0","0","896","0","0","800","0","0","1,600"'
2026-05-14 10:58:52,239 [INFO]   구분자 감지: COMMA
2026-05-14 10:58:52,240 [INFO]   파싱 완료: 64행
2026-05-14 10:58:52,241 [INFO]   [DRY-RUN] F10_냉장.xlsx / 2026-05: 64행 × 18열 (기록 안함)
2026-05-14 10:58:54,576 [INFO] ==================================================
2026-05-14 10:58:54,577 [INFO] ▶ F20_냉동.xlsx (factory=F20, category=냉동, suffix=-)
2026-05-14 10:58:54,578 [INFO] ==================================================
2026-05-14 10:58:54,578 [INFO] 공장 선택: F20
2026-05-14 10:58:56,702 [INFO]   드롭다운 클릭 (422, 128)
2026-05-14 10:58:59,115 [INFO]   공장 항목 클릭 (422, 205)
2026-05-14 10:59:00,117 [INFO] 카테고리1 선택: 냉동
2026-05-14 10:59:04,624 [INFO]   카테고리 클릭 (803, 165)
2026-05-14 10:59:05,126 [INFO] 조회 버튼 클릭...
2026-05-14 10:59:07,052 [INFO]   조회 클릭 (337, 74)
2026-05-14 10:59:07,052 [INFO]   데이터 로딩 대기 중...
2026-05-14 10:59:09,053 [INFO]   조회 완료
2026-05-14 10:59:09,054 [INFO] 그리드 좌상단 복사 버튼 클릭...
2026-05-14 10:59:09,054 [INFO]   복사 버튼 클릭 (334, 190)
2026-05-14 10:59:12,043 [INFO]   클립보드 읽기 성공 (Csv/euc-kr, 7612자)
2026-05-14 10:59:13,096 [INFO]   확인 팝업 닫기 완료 (Enter)
2026-05-14 10:59:13,098 [INFO]   클립보드 데이터: 76행
2026-05-14 10:59:13,098 [INFO]   클립보드 미리보기: 'Item Code,Item 명,물품대,누계계획,누계실적,누계진척율,01일,04일,05일,06일,07일,08일,09일,11일,12일,\r\n"110032","E더위사냥멀티(30)","545.450","5,593","7,766","138.85","0","0","0","0","0","7,766","0","0","0",\r\n"110369","E참붕어(24)_베트남","'
2026-05-14 10:59:13,098 [INFO]   구분자 감지: COMMA
2026-05-14 10:59:13,099 [INFO]   파싱 완료: 76행
2026-05-14 10:59:13,099 [INFO]   [DRY-RUN] F20_냉동.xlsx / 2026-05: 76행 × 16열 (기록 안함)
2026-05-14 10:59:15,409 [INFO] ==================================================
2026-05-14 10:59:15,409 [INFO] ▶ F20_냉장.xlsx (factory=F20, category=냉장, suffix=-)
2026-05-14 10:59:15,410 [INFO] ==================================================
2026-05-14 10:59:15,410 [INFO] 카테고리1 선택: 냉장
