2026-05-14 10:40:49,998 [INFO] 설정 파일 로드: E:\AI-Elite_Energy-Dashboard-Web\tools\automation\mis\mis_production_coords.json
2026-05-14 10:40:49,998 [INFO]   대기시간: short=0.5s, dropdown=0.3s, query=2.0s
2026-05-14 10:40:49,998 [INFO] === MIS 생산실적 RPA 초기화 ===
2026-05-14 10:40:49,998 [INFO]   기준일자: 2026-05-01 ~ 2026-05-12
2026-05-14 10:40:49,999 [INFO]   시트명  : 2026-05
2026-05-14 10:40:49,999 [INFO]   Dry-run : True
2026-05-14 10:40:49,999 [INFO] ============================================================
2026-05-14 10:40:49,999 [INFO] MIS 생산실적 RPA 시작
2026-05-14 10:40:49,999 [INFO] ============================================================
2026-05-14 10:40:50,002 [INFO] 대상 파일 9건 발견:
2026-05-14 10:40:50,002 [INFO]   - F10_냉동.xlsx                    (factory=F10, category=냉동, suffix=-)
2026-05-14 10:40:50,002 [INFO]   - F10_냉장.xlsx                    (factory=F10, category=냉장, suffix=-)
2026-05-14 10:40:50,002 [INFO]   - F20_냉동.xlsx                    (factory=F20, category=냉동, suffix=-)
2026-05-14 10:40:50,002 [INFO]   - F20_냉장.xlsx                    (factory=F20, category=냉장, suffix=-)
2026-05-14 10:40:50,003 [INFO]   - F20_상온_MY.xlsx                 (factory=F20, category=상온, suffix=MY)
2026-05-14 10:40:50,003 [INFO]   - F30_냉장_FM.xlsx                 (factory=F30, category=냉장, suffix=FM)
2026-05-14 10:40:50,003 [INFO]   - F30_상온.xlsx                    (factory=F30, category=상온, suffix=-)
2026-05-14 10:40:50,004 [INFO]   - F40_냉동.xlsx                    (factory=F40, category=냉동, suffix=-)
2026-05-14 10:40:50,004 [INFO]   - F40_냉장_MY.xlsx                 (factory=F40, category=냉장, suffix=MY)
2026-05-14 10:40:50,004 [INFO] MIS 앱 연결 중...
2026-05-14 10:40:59,234 [INFO] MIS 연결 성공:  (신)종합정보
2026-05-14 10:41:02,196 [INFO] '기간별 제품 생산실적(일/월)' 화면으로 이동 중...
2026-05-14 10:41:06,461 [INFO] 화면 이동 완료
2026-05-14 10:41:06,462 [INFO] 기준일자 설정: 2026-05-01 ~ 2026-05-12
2026-05-14 10:41:08,342 [INFO]   시작일 클릭 (609, 108)
2026-05-14 10:41:12,383 [INFO]   종료일 클릭 (609, 130)
2026-05-14 10:41:14,160 [INFO] 항목구분 선택: 중량
2026-05-14 10:41:18,200 [INFO]   항목구분 클릭 (803, 165)
2026-05-14 10:41:18,702 [INFO] ==================================================
2026-05-14 10:41:18,703 [INFO] ▶ F10_냉동.xlsx (factory=F10, category=냉동, suffix=-)
2026-05-14 10:41:18,704 [INFO] ==================================================
2026-05-14 10:41:18,704 [INFO] 공장 선택: F10
2026-05-14 10:41:20,627 [INFO]   드롭다운 클릭 (422, 128)
2026-05-14 10:41:22,828 [INFO]   공장 항목 클릭 (422, 187)
2026-05-14 10:41:23,831 [INFO] 카테고리1 선택: 냉동
2026-05-14 10:41:28,416 [INFO]   카테고리 클릭 (1201, 202)
2026-05-14 10:41:28,917 [INFO] 조회 버튼 클릭...
2026-05-14 10:41:31,150 [INFO]   조회 클릭 (337, 74)
2026-05-14 10:41:31,151 [INFO]   데이터 로딩 대기 중...
2026-05-14 10:41:33,151 [INFO]   조회 완료
2026-05-14 10:41:33,152 [INFO] 그리드 좌상단 복사 버튼 클릭...
2026-05-14 10:41:33,152 [INFO]   복사 버튼 클릭 (334, 190)
2026-05-14 10:41:36,186 [INFO]   클립보드 읽기 성공 (Csv/euc-kr, 4507자)
2026-05-14 10:41:37,240 [INFO]   확인 팝업 닫기 완료 (Enter)
2026-05-14 10:41:37,242 [INFO]   클립보드 데이터: 71행
2026-05-14 10:41:37,242 [INFO]   클립보드 미리보기: 'Item Code,Item 명,물품대,누계계획,누계실적,누계진척율,13일,\r\n"111100","E엔초(40)_베트남","545.450","16,654","0","0.00","0",\r\n"112715","떡붕어싸만코(30)B","954.550","215,978","3,317","1.54","3,317",\r\n"112716","초코붕어싸만코 크런치(30)B","9'
2026-05-14 10:41:37,243 [INFO]   구분자 감지: COMMA
2026-05-14 10:41:37,249 [INFO]   파싱 완료: 71행
2026-05-14 10:41:37,249 [INFO]   [DRY-RUN] F10_냉동.xlsx / 2026-05: 71행 × 8열 (기록 안함)
2026-05-14 10:41:39,862 [INFO] ==================================================
2026-05-14 10:41:39,863 [INFO] ▶ F10_냉장.xlsx (factory=F10, category=냉장, suffix=-)
2026-05-14 10:41:39,863 [INFO] ==================================================
2026-05-14 10:41:39,863 [INFO] 카테고리1 선택: 냉장
2026-05-14 10:41:44,035 [INFO]   카테고리 클릭 (1201, 220)
2026-05-14 10:41:44,536 [INFO] 조회 버튼 클릭...
2026-05-14 10:41:46,503 [INFO]   조회 클릭 (337, 74)
2026-05-14 10:41:46,503 [INFO]   데이터 로딩 대기 중...
2026-05-14 10:41:48,504 [INFO]   조회 완료
2026-05-14 10:41:48,505 [INFO] 그리드 좌상단 복사 버튼 클릭...
2026-05-14 10:41:48,507 [INFO]   복사 버튼 클릭 (334, 190)
2026-05-14 10:41:51,533 [INFO]   클립보드 읽기 성공 (Csv/euc-kr, 4507자)
2026-05-14 10:41:52,588 [INFO]   확인 팝업 닫기 완료 (Enter)
2026-05-14 10:41:52,589 [INFO]   클립보드 데이터: 71행
2026-05-14 10:41:52,590 [INFO]   클립보드 미리보기: 'Item Code,Item 명,물품대,누계계획,누계실적,누계진척율,13일,\r\n"111100","E엔초(40)_베트남","545.450","16,654","0","0.00","0",\r\n"112715","떡붕어싸만코(30)B","954.550","215,978","3,317","1.54","3,317",\r\n"112716","초코붕어싸만코 크런치(30)B","9'
2026-05-14 10:41:52,591 [INFO]   구분자 감지: COMMA
2026-05-14 10:41:52,592 [INFO]   파싱 완료: 71행
2026-05-14 10:41:52,592 [INFO]   [DRY-RUN] F10_냉장.xlsx / 2026-05: 71행 × 8열 (기록 안함)
2026-05-14 10:41:54,912 [INFO] ==================================================
2026-05-14 10:41:54,913 [INFO] ▶ F20_냉동.xlsx (factory=F20, category=냉동, suffix=-)
2026-05-14 10:41:54,914 [INFO] ==================================================
2026-05-14 10:41:54,914 [INFO] 공장 선택: F20
2026-05-14 10:41:56,520 [INFO]   드롭다운 클릭 (422, 128)
2026-05-14 10:41:58,721 [INFO]   공장 항목 클릭 (422, 205)
2026-05-14 10:41:59,723 [INFO] 카테고리1 선택: 냉동
2026-05-14 10:42:03,950 [INFO]   카테고리 클릭 (1201, 202)
2026-05-14 10:42:04,450 [INFO] 조회 버튼 클릭...
2026-05-14 10:42:06,591 [INFO]   조회 클릭 (337, 74)
2026-05-14 10:42:06,591 [INFO]   데이터 로딩 대기 중...
2026-05-14 10:42:08,592 [INFO]   조회 완료
2026-05-14 10:42:08,592 [INFO] 그리드 좌상단 복사 버튼 클릭...
2026-05-14 10:42:08,592 [INFO]   복사 버튼 클릭 (334, 190)
2026-05-14 10:42:11,608 [INFO]   클립보드 읽기 성공 (UNICODETEXT, 42자)
2026-05-14 10:42:12,661 [INFO]   확인 팝업 닫기 완료 (Enter)
2026-05-14 10:42:12,661 [INFO]   클립보드 데이터: 1행
2026-05-14 10:42:12,662 [INFO]   클립보드 미리보기: '111100\tE엔초(40)_베트남\t545.450\t16,654\t0\t0.00\t0'
2026-05-14 10:42:12,662 [INFO]   구분자 감지: TAB
2026-05-14 10:42:12,662 [INFO]   파싱 완료: 1행
2026-05-14 10:42:12,662 [INFO]   [DRY-RUN] F20_냉동.xlsx / 2026-05: 1행 × 7열 (기록 안함)
