2026-05-14 10:46:34,395 [INFO] 설정 파일 로드: E:\AI-Elite_Energy-Dashboard-Web\tools\automation\mis\mis_production_coords.json
2026-05-14 10:46:34,395 [INFO]   대기시간: short=0.5s, dropdown=0.3s, query=2.0s
2026-05-14 10:46:34,395 [INFO] === MIS 생산실적 RPA 초기화 ===
2026-05-14 10:46:34,395 [INFO]   기준일자: 2026-05-01 ~ 2026-05-12
2026-05-14 10:46:34,395 [INFO]   시트명  : 2026-05
2026-05-14 10:46:34,395 [INFO]   Dry-run : True
2026-05-14 10:46:34,396 [INFO] ============================================================
2026-05-14 10:46:34,396 [INFO] MIS 생산실적 RPA 시작
2026-05-14 10:46:34,396 [INFO] ============================================================
2026-05-14 10:46:34,430 [INFO] 대상 파일 9건 발견:
2026-05-14 10:46:34,431 [INFO]   - F10_냉동.xlsx                    (factory=F10, category=냉동, suffix=-)
2026-05-14 10:46:34,431 [INFO]   - F10_냉장.xlsx                    (factory=F10, category=냉장, suffix=-)
2026-05-14 10:46:34,431 [INFO]   - F20_냉동.xlsx                    (factory=F20, category=냉동, suffix=-)
2026-05-14 10:46:34,431 [INFO]   - F20_냉장.xlsx                    (factory=F20, category=냉장, suffix=-)
2026-05-14 10:46:34,431 [INFO]   - F20_상온_MY.xlsx                 (factory=F20, category=상온, suffix=MY)
2026-05-14 10:46:34,431 [INFO]   - F30_냉장_FM.xlsx                 (factory=F30, category=냉장, suffix=FM)
2026-05-14 10:46:34,431 [INFO]   - F30_상온.xlsx                    (factory=F30, category=상온, suffix=-)
2026-05-14 10:46:34,431 [INFO]   - F40_냉동.xlsx                    (factory=F40, category=냉동, suffix=-)
2026-05-14 10:46:34,431 [INFO]   - F40_냉장_MY.xlsx                 (factory=F40, category=냉장, suffix=MY)
2026-05-14 10:46:34,431 [INFO] MIS 앱 연결 중...
2026-05-14 10:46:43,714 [INFO] MIS 연결 성공:  (신)종합정보
2026-05-14 10:46:46,541 [INFO] '기간별 제품 생산실적(일/월)' 화면으로 이동 중...
2026-05-14 10:46:50,682 [INFO] 화면 이동 완료
2026-05-14 10:46:50,683 [INFO] 기준일자 설정: 2026-05-01 ~ 2026-05-12
2026-05-14 10:46:52,737 [INFO]   시작일 클릭 (609, 108)
2026-05-14 10:46:56,365 [INFO]   종료일 클릭 (609, 130)
2026-05-14 10:46:58,137 [INFO] 항목구분 선택: 중량
2026-05-14 10:47:02,234 [INFO]   항목구분 클릭 (1201, 202)
2026-05-14 10:47:02,735 [INFO] ==================================================
2026-05-14 10:47:02,736 [INFO] ▶ F10_냉동.xlsx (factory=F10, category=냉동, suffix=-)
2026-05-14 10:47:02,736 [INFO] ==================================================
2026-05-14 10:47:02,736 [INFO] 공장 선택: F10
2026-05-14 10:47:04,702 [INFO]   드롭다운 클릭 (422, 128)
2026-05-14 10:47:06,903 [INFO]   공장 항목 클릭 (422, 187)
2026-05-14 10:47:07,905 [INFO] 카테고리1 선택: 냉동
2026-05-14 10:47:12,092 [INFO]   카테고리 클릭 (803, 165)
2026-05-14 10:47:12,593 [INFO] 조회 버튼 클릭...
2026-05-14 10:47:14,599 [INFO]   조회 클릭 (337, 74)
2026-05-14 10:47:14,599 [INFO]   데이터 로딩 대기 중...
2026-05-14 10:47:16,600 [INFO]   조회 완료
2026-05-14 10:47:16,601 [INFO] 그리드 좌상단 복사 버튼 클릭...
2026-05-14 10:47:16,601 [INFO]   복사 버튼 클릭 (334, 190)
2026-05-14 10:47:19,577 [INFO]   클립보드 읽기 성공 (Csv/euc-kr, 4507자)
2026-05-14 10:47:20,633 [INFO]   확인 팝업 닫기 완료 (Enter)
2026-05-14 10:47:20,634 [INFO]   클립보드 데이터: 71행
2026-05-14 10:47:20,635 [INFO]   클립보드 미리보기: 'Item Code,Item 명,물품대,누계계획,누계실적,누계진척율,13일,\r\n"111100","E엔초(40)_베트남","545.450","16,654","0","0.00","0",\r\n"112715","떡붕어싸만코(30)B","954.550","215,978","3,317","1.54","3,317",\r\n"112716","초코붕어싸만코 크런치(30)B","9'
2026-05-14 10:47:20,636 [INFO]   구분자 감지: COMMA
2026-05-14 10:47:20,637 [INFO]   파싱 완료: 71행
2026-05-14 10:47:20,638 [INFO]   [DRY-RUN] F10_냉동.xlsx / 2026-05: 71행 × 8열 (기록 안함)
2026-05-14 10:47:22,941 [INFO] ==================================================
2026-05-14 10:47:22,941 [INFO] ▶ F10_냉장.xlsx (factory=F10, category=냉장, suffix=-)
2026-05-14 10:47:22,941 [INFO] ==================================================
2026-05-14 10:47:22,941 [INFO] 카테고리1 선택: 냉장
2026-05-14 10:47:27,150 [INFO]   카테고리 클릭 (803, 183)
2026-05-14 10:47:27,651 [INFO] 조회 버튼 클릭...
2026-05-14 10:47:29,658 [INFO]   조회 클릭 (337, 74)
2026-05-14 10:47:29,658 [INFO]   데이터 로딩 대기 중...
2026-05-14 10:47:31,659 [INFO]   조회 완료
2026-05-14 10:47:31,660 [INFO] 그리드 좌상단 복사 버튼 클릭...
2026-05-14 10:47:31,660 [INFO]   복사 버튼 클릭 (334, 190)
2026-05-14 10:47:34,594 [INFO]   클립보드 읽기 성공 (Csv/euc-kr, 4282자)
2026-05-14 10:47:35,650 [INFO]   확인 팝업 닫기 완료 (Enter)
2026-05-14 10:47:35,651 [INFO]   클립보드 데이터: 63행
2026-05-14 10:47:35,652 [INFO]   클립보드 미리보기: 'Item Code,Item 명,물품대,누계계획,누계실적,누계진척율,13일,\r\n"122324","빙그레생크림_소프트랩(16)","5,200.000","13,776","0","0.00","0",\r\n"122842","쥬시쿨 자두180(50)G","247.790","132,295","560","0.42","560",\r\n"122843","쥬시쿨 자두450(28)G"'
2026-05-14 10:47:35,653 [INFO]   구분자 감지: COMMA
2026-05-14 10:47:35,654 [INFO]   파싱 완료: 63행
2026-05-14 10:47:35,655 [INFO]   [DRY-RUN] F10_냉장.xlsx / 2026-05: 63행 × 8열 (기록 안함)
2026-05-14 10:47:37,945 [INFO] ==================================================
2026-05-14 10:47:37,946 [INFO] ▶ F20_냉동.xlsx (factory=F20, category=냉동, suffix=-)
2026-05-14 10:47:37,947 [INFO] ==================================================
2026-05-14 10:47:37,948 [INFO] 공장 선택: F20
2026-05-14 10:47:39,568 [INFO]   드롭다운 클릭 (422, 128)
2026-05-14 10:47:41,743 [INFO]   공장 항목 클릭 (422, 205)
2026-05-14 10:47:42,747 [INFO] 카테고리1 선택: 냉동
2026-05-14 10:47:46,985 [INFO]   카테고리 클릭 (803, 165)
2026-05-14 10:47:47,486 [INFO] 조회 버튼 클릭...
2026-05-14 10:47:49,425 [INFO]   조회 클릭 (337, 74)
2026-05-14 10:47:49,425 [INFO]   데이터 로딩 대기 중...
2026-05-14 10:47:51,426 [INFO]   조회 완료
2026-05-14 10:47:51,427 [INFO] 그리드 좌상단 복사 버튼 클릭...
2026-05-14 10:47:51,427 [INFO]   복사 버튼 클릭 (334, 190)
2026-05-14 10:47:54,362 [INFO]   클립보드 읽기 성공 (Csv/euc-kr, 4731자)
2026-05-14 10:47:55,415 [INFO]   확인 팝업 닫기 완료 (Enter)
2026-05-14 10:47:55,415 [INFO]   클립보드 데이터: 74행
2026-05-14 10:47:55,415 [INFO]   클립보드 미리보기: 'Item Code,Item 명,물품대,누계계획,누계실적,누계진척율,13일,\r\n"110032","E더위사냥멀티(30)","545.450","5,593","0","0.00","0",\r\n"110369","E참붕어(24)_베트남","818.180","44,059","0","0.00","0",\r\n"111503","E메로나 메론8입(64)_아시아","409.090",'
2026-05-14 10:47:55,416 [INFO]   구분자 감지: COMMA
2026-05-14 10:47:55,416 [INFO]   파싱 완료: 74행
2026-05-14 10:47:55,416 [INFO]   [DRY-RUN] F20_냉동.xlsx / 2026-05: 74행 × 8열 (기록 안함)
2026-05-14 10:47:57,776 [INFO] ==================================================
2026-05-14 10:47:57,777 [INFO] ▶ F20_냉장.xlsx (factory=F20, category=냉장, suffix=-)
2026-05-14 10:47:57,777 [INFO] ==================================================
2026-05-14 10:47:57,778 [INFO] 카테고리1 선택: 냉장
2026-05-14 10:48:02,004 [INFO]   카테고리 클릭 (803, 183)
2026-05-14 10:48:02,506 [INFO] 조회 버튼 클릭...
2026-05-14 10:48:04,432 [INFO]   조회 클릭 (337, 74)
2026-05-14 10:48:04,432 [INFO]   데이터 로딩 대기 중...
2026-05-14 10:48:06,432 [INFO]   조회 완료
2026-05-14 10:48:06,433 [INFO] 그리드 좌상단 복사 버튼 클릭...
2026-05-14 10:48:06,433 [INFO]   복사 버튼 클릭 (334, 190)
2026-05-14 10:48:09,460 [INFO]   클립보드 읽기 성공 (Csv/euc-kr, 5507자)
2026-05-14 10:48:10,514 [INFO]   확인 팝업 닫기 완료 (Enter)
2026-05-14 10:48:10,514 [INFO]   클립보드 데이터: 81행
2026-05-14 10:48:10,515 [INFO]   클립보드 미리보기: 'Item Code,Item 명,물품대,누계계획,누계실적,누계진척율,13일,\r\n"120797","E바나나맛우유200(24)","605.000","32,739","0","0.00","0",\r\n"121070","E바나나맛우유멀티200(24)","605.000","226,748","0","0.00","0",\r\n"121074","E딸기맛우유멀티200(24)","60'
2026-05-14 10:48:10,516 [INFO]   구분자 감지: COMMA
2026-05-14 10:48:10,516 [INFO]   파싱 완료: 81행
2026-05-14 10:48:10,516 [INFO]   [DRY-RUN] F20_냉장.xlsx / 2026-05: 81행 × 8열 (기록 안함)
2026-05-14 10:48:12,868 [INFO] ==================================================
2026-05-14 10:48:12,868 [INFO] ▶ F20_상온_MY.xlsx (factory=F20, category=상온, suffix=MY)
2026-05-14 10:48:12,869 [INFO] ==================================================
2026-05-14 10:48:12,869 [INFO] 카테고리1 선택: 상온
2026-05-14 10:48:17,116 [INFO]   카테고리 클릭 (803, 201)
2026-05-14 10:48:17,616 [INFO] 조회 버튼 클릭...
2026-05-14 10:48:19,557 [INFO]   조회 클릭 (337, 74)
2026-05-14 10:48:19,557 [INFO]   데이터 로딩 대기 중...
2026-05-14 10:48:21,558 [INFO]   조회 완료
2026-05-14 10:48:21,558 [INFO] 그리드 좌상단 복사 버튼 클릭...
2026-05-14 10:48:21,559 [INFO]   복사 버튼 클릭 (334, 190)
2026-05-14 10:48:24,613 [INFO]   클립보드 읽기 성공 (Csv/euc-kr, 504자)
2026-05-14 10:48:25,667 [INFO]   확인 팝업 닫기 완료 (Enter)
2026-05-14 10:48:25,667 [INFO]   클립보드 데이터: 8행
2026-05-14 10:48:25,668 [INFO]   클립보드 미리보기: 'Item Code,Item 명,물품대,누계계획,누계실적,누계진척율,13일,\r\n"133382","따옴 Plus 오렌지 250(18)","800.000","0","0","0.00","0",\r\n"133383","아카페라 카페인 맥스250(18)","1,130.000","0","0","0.00","0",\r\n"133385","더단백 드링크초코250(18)_인소싱",'
2026-05-14 10:48:25,668 [INFO]   구분자 감지: COMMA
2026-05-14 10:48:25,668 [INFO]   파싱 완료: 8행
2026-05-14 10:48:25,668 [INFO]   [DRY-RUN] F20_상온_MY.xlsx / 2026-05: 8행 × 8열 (기록 안함)
2026-05-14 10:48:27,942 [INFO] ==================================================
2026-05-14 10:48:27,943 [INFO] ▶ F30_냉장_FM.xlsx (factory=F30, category=냉장, suffix=FM)
2026-05-14 10:48:27,944 [INFO] ==================================================
2026-05-14 10:48:27,944 [INFO] 공장 선택: F30
2026-05-14 10:48:30,028 [INFO]   드롭다운 클릭 (422, 128)
2026-05-14 10:48:32,177 [INFO]   공장 항목 클릭 (422, 223)
2026-05-14 10:48:33,178 [INFO] 카테고리1 선택: 냉장
2026-05-14 10:48:37,031 [INFO]   카테고리 클릭 (803, 183)
2026-05-14 10:48:37,532 [INFO] 조회 버튼 클릭...
2026-05-14 10:48:39,485 [INFO]   조회 클릭 (337, 74)
2026-05-14 10:48:39,485 [INFO]   데이터 로딩 대기 중...
2026-05-14 10:48:41,486 [INFO]   조회 완료
2026-05-14 10:48:41,486 [INFO] 그리드 좌상단 복사 버튼 클릭...
2026-05-14 10:48:41,487 [INFO]   복사 버튼 클릭 (334, 190)
2026-05-14 10:48:44,502 [INFO]   클립보드 읽기 성공 (Csv/euc-kr, 2606자)
2026-05-14 10:48:45,556 [INFO]   확인 팝업 닫기 완료 (Enter)
2026-05-14 10:48:45,557 [INFO]   클립보드 데이터: 39행
2026-05-14 10:48:45,557 [INFO]   클립보드 미리보기: 'Item Code,Item 명,물품대,누계계획,누계실적,누계진척율,13일,\r\n"122974","요플레 토핑 다크초코125(12)I","1,060.000","26,495","0","0.00","0",\r\n"122976","요플레 토핑 쿠앤크120(12)I","1,060.000","27,081","0","0.00","0",\r\n"122983","요플레 딸기16입8'
2026-05-14 10:48:45,558 [INFO]   구분자 감지: COMMA
2026-05-14 10:48:45,559 [INFO]   파싱 완료: 39행
2026-05-14 10:48:45,559 [INFO]   [DRY-RUN] F30_냉장_FM.xlsx / 2026-05: 39행 × 8열 (기록 안함)
2026-05-14 10:48:47,946 [INFO] ==================================================
2026-05-14 10:48:47,946 [INFO] ▶ F30_상온.xlsx (factory=F30, category=상온, suffix=-)
2026-05-14 10:48:47,947 [INFO] ==================================================
2026-05-14 10:48:47,947 [INFO] 카테고리1 선택: 상온
2026-05-14 10:48:52,437 [INFO]   카테고리 클릭 (803, 201)
2026-05-14 10:48:52,937 [INFO] 조회 버튼 클릭...
2026-05-14 10:48:54,931 [INFO]   조회 클릭 (337, 74)
2026-05-14 10:48:54,932 [INFO]   데이터 로딩 대기 중...
2026-05-14 10:48:56,932 [INFO]   조회 완료
2026-05-14 10:48:56,933 [INFO] 그리드 좌상단 복사 버튼 클릭...
2026-05-14 10:48:56,933 [INFO]   복사 버튼 클릭 (334, 190)
2026-05-14 10:48:59,879 [INFO]   클립보드 읽기 성공 (Csv/euc-kr, 1128자)
2026-05-14 10:49:00,934 [INFO]   확인 팝업 닫기 완료 (Enter)
2026-05-14 10:49:00,935 [INFO]   클립보드 데이터: 19행
2026-05-14 10:49:00,936 [INFO]   클립보드 미리보기: 'Item Code,Item 명,물품대,누계계획,누계실적,누계진척율,13일,\r\n"130294","꽃게랑70(16)","644.000","40,094","6,182","15.42","6,182",\r\n"130295","꽃게랑143(8)","1,288.000","3,473","0","0.00","0",\r\n"130298","베이컨칩70(16)","644.000","'
2026-05-14 10:49:00,937 [INFO]   구분자 감지: COMMA
2026-05-14 10:49:00,938 [INFO]   파싱 완료: 19행
2026-05-14 10:49:00,939 [INFO]   [DRY-RUN] F30_상온.xlsx / 2026-05: 19행 × 8열 (기록 안함)
2026-05-14 10:49:03,313 [INFO] ==================================================
2026-05-14 10:49:03,314 [INFO] ▶ F40_냉동.xlsx (factory=F40, category=냉동, suffix=-)
2026-05-14 10:49:03,314 [INFO] ==================================================
2026-05-14 10:49:03,314 [INFO] 공장 선택: F40
2026-05-14 10:49:05,376 [INFO]   드롭다운 클릭 (422, 128)
2026-05-14 10:49:07,549 [INFO]   공장 항목 클릭 (422, 241)
2026-05-14 10:49:08,551 [INFO] 카테고리1 선택: 냉동
2026-05-14 10:49:13,071 [INFO]   카테고리 클릭 (803, 165)
2026-05-14 10:49:13,573 [INFO] 조회 버튼 클릭...
2026-05-14 10:49:15,499 [INFO]   조회 클릭 (337, 74)
2026-05-14 10:49:15,499 [INFO]   데이터 로딩 대기 중...
2026-05-14 10:49:17,500 [INFO]   조회 완료
2026-05-14 10:49:17,501 [INFO] 그리드 좌상단 복사 버튼 클릭...
2026-05-14 10:49:17,501 [INFO]   복사 버튼 클릭 (334, 190)
2026-05-14 10:49:20,487 [INFO]   클립보드 읽기 성공 (Csv/euc-kr, 4895자)
2026-05-14 10:49:21,540 [INFO]   확인 팝업 닫기 완료 (Enter)
2026-05-14 10:49:21,542 [INFO]   클립보드 데이터: 78행
2026-05-14 10:49:21,543 [INFO]   클립보드 미리보기: 'Item Code,Item 명,물품대,누계계획,누계실적,누계진척율,13일,\r\n"110388","E참붕어 딸기멀티(24)","818.180","38,295","0","0.00","0",\r\n"110389","E참붕어 초코멀티(24)","818.180","43,910","0","0.00","0",\r\n"110390","E참붕어멀티(24)","818.180","27'
2026-05-14 10:49:21,543 [INFO]   구분자 감지: COMMA
2026-05-14 10:49:21,544 [INFO]   파싱 완료: 78행
2026-05-14 10:49:21,545 [INFO]   [DRY-RUN] F40_냉동.xlsx / 2026-05: 78행 × 8열 (기록 안함)
2026-05-14 10:49:23,864 [INFO] ==================================================
2026-05-14 10:49:23,865 [INFO] ▶ F40_냉장_MY.xlsx (factory=F40, category=냉장, suffix=MY)
2026-05-14 10:49:23,865 [INFO] ==================================================
2026-05-14 10:49:23,866 [INFO] 카테고리1 선택: 냉장
2026-05-14 10:49:27,744 [INFO]   카테고리 클릭 (803, 183)
2026-05-14 10:49:28,246 [INFO] 조회 버튼 클릭...
2026-05-14 10:49:30,238 [INFO]   조회 클릭 (337, 74)
2026-05-14 10:49:30,238 [INFO]   데이터 로딩 대기 중...
2026-05-14 10:49:32,239 [INFO]   조회 완료
2026-05-14 10:49:32,240 [INFO] 그리드 좌상단 복사 버튼 클릭...
2026-05-14 10:49:32,241 [INFO]   복사 버튼 클릭 (334, 190)
2026-05-14 10:49:35,226 [INFO]   클립보드 읽기 성공 (Csv/euc-kr, 649자)
2026-05-14 10:49:36,279 [INFO]   확인 팝업 닫기 완료 (Enter)
2026-05-14 10:49:36,279 [INFO]   클립보드 데이터: 10행
2026-05-14 10:49:36,280 [INFO]   클립보드 미리보기: 'Item Code,Item 명,물품대,누계계획,누계실적,누계진척율,13일,\r\n"121204","E바나나맛우유멀티240(32)_중국","1,040.500","147,059","0","0.00","0",\r\n"121251","E딸기맛우유멀티240(32)_중국","1,040.500","101,467","0","0.00","0",\r\n"122943","바나나맛우유24'
2026-05-14 10:49:36,280 [INFO]   구분자 감지: COMMA
2026-05-14 10:49:36,281 [INFO]   파싱 완료: 10행
2026-05-14 10:49:36,281 [INFO]   [DRY-RUN] F40_냉장_MY.xlsx / 2026-05: 10행 × 8열 (기록 안함)
2026-05-14 10:49:38,746 [INFO] ============================================================
2026-05-14 10:49:38,746 [INFO] DRY-RUN 완료 (성공 0 / 실패 0)
2026-05-14 10:49:38,747 [INFO] ============================================================
