2026-05-14 10:44:03,842 [INFO] 설정 파일 로드: E:\AI-Elite_Energy-Dashboard-Web\tools\automation\mis\mis_production_coords.json
2026-05-14 10:44:03,843 [INFO]   대기시간: short=0.5s, dropdown=0.3s, query=2.0s
2026-05-14 10:44:03,843 [INFO] === MIS 생산실적 RPA 초기화 ===
2026-05-14 10:44:03,843 [INFO]   기준일자: 2026-05-01 ~ 2026-05-12
2026-05-14 10:44:03,843 [INFO]   시트명  : 2026-05
2026-05-14 10:44:03,843 [INFO]   Dry-run : True
2026-05-14 10:44:03,843 [INFO] ============================================================
2026-05-14 10:44:03,843 [INFO] MIS 생산실적 RPA 시작
2026-05-14 10:44:03,844 [INFO] ============================================================
2026-05-14 10:44:03,877 [INFO] 대상 파일 9건 발견:
2026-05-14 10:44:03,878 [INFO]   - F10_냉동.xlsx                    (factory=F10, category=냉동, suffix=-)
2026-05-14 10:44:03,878 [INFO]   - F10_냉장.xlsx                    (factory=F10, category=냉장, suffix=-)
2026-05-14 10:44:03,878 [INFO]   - F20_냉동.xlsx                    (factory=F20, category=냉동, suffix=-)
2026-05-14 10:44:03,878 [INFO]   - F20_냉장.xlsx                    (factory=F20, category=냉장, suffix=-)
2026-05-14 10:44:03,878 [INFO]   - F20_상온_MY.xlsx                 (factory=F20, category=상온, suffix=MY)
2026-05-14 10:44:03,878 [INFO]   - F30_냉장_FM.xlsx                 (factory=F30, category=냉장, suffix=FM)
2026-05-14 10:44:03,878 [INFO]   - F30_상온.xlsx                    (factory=F30, category=상온, suffix=-)
2026-05-14 10:44:03,878 [INFO]   - F40_냉동.xlsx                    (factory=F40, category=냉동, suffix=-)
2026-05-14 10:44:03,879 [INFO]   - F40_냉장_MY.xlsx                 (factory=F40, category=냉장, suffix=MY)
2026-05-14 10:44:03,879 [INFO] MIS 앱 연결 중...
2026-05-14 10:44:13,347 [INFO] MIS 연결 성공:  (신)종합정보
2026-05-14 10:44:16,211 [INFO] '기간별 제품 생산실적(일/월)' 화면으로 이동 중...
2026-05-14 10:44:20,360 [INFO] 화면 이동 완료
2026-05-14 10:44:20,361 [INFO] 기준일자 설정: 2026-05-01 ~ 2026-05-12
2026-05-14 10:44:22,414 [INFO]   시작일 클릭 (609, 108)
2026-05-14 10:44:26,134 [INFO]   종료일 클릭 (609, 130)
2026-05-14 10:44:27,907 [INFO] 항목구분 선택: 중량
2026-05-14 10:44:31,910 [INFO]   항목구분 클릭 (803, 165)
2026-05-14 10:44:32,412 [INFO] ==================================================
2026-05-14 10:44:32,413 [INFO] ▶ F10_냉동.xlsx (factory=F10, category=냉동, suffix=-)
2026-05-14 10:44:32,414 [INFO] ==================================================
2026-05-14 10:44:32,414 [INFO] 공장 선택: F10
2026-05-14 10:44:34,405 [INFO]   드롭다운 클릭 (422, 128)
2026-05-14 10:44:36,818 [INFO]   공장 항목 클릭 (422, 187)
2026-05-14 10:44:37,819 [INFO] 카테고리1 선택: 냉동
2026-05-14 10:44:42,073 [INFO]   카테고리 클릭 (1201, 202)
2026-05-14 10:44:42,574 [INFO] 조회 버튼 클릭...
2026-05-14 10:44:44,514 [INFO]   조회 클릭 (337, 74)
2026-05-14 10:44:44,514 [INFO]   데이터 로딩 대기 중...
2026-05-14 10:44:46,515 [INFO]   조회 완료
2026-05-14 10:44:46,516 [INFO] 그리드 좌상단 복사 버튼 클릭...
2026-05-14 10:44:46,517 [INFO]   복사 버튼 클릭 (334, 190)
2026-05-14 10:44:48,974 [INFO]   클립보드 읽기 성공 (Csv/euc-kr, 4507자)
2026-05-14 10:44:50,027 [INFO]   확인 팝업 닫기 완료 (Enter)
2026-05-14 10:44:50,028 [INFO]   클립보드 데이터: 71행
2026-05-14 10:44:50,028 [INFO]   클립보드 미리보기: 'Item Code,Item 명,물품대,누계계획,누계실적,누계진척율,13일,\r\n"111100","E엔초(40)_베트남","545.450","16,654","0","0.00","0",\r\n"112715","떡붕어싸만코(30)B","954.550","215,978","3,317","1.54","3,317",\r\n"112716","초코붕어싸만코 크런치(30)B","9'
2026-05-14 10:44:50,028 [INFO]   구분자 감지: COMMA
2026-05-14 10:44:50,029 [INFO]   파싱 완료: 71행
2026-05-14 10:44:50,029 [INFO]   [DRY-RUN] F10_냉동.xlsx / 2026-05: 71행 × 8열 (기록 안함)
2026-05-14 10:44:52,354 [INFO] ==================================================
2026-05-14 10:44:52,354 [INFO] ▶ F10_냉장.xlsx (factory=F10, category=냉장, suffix=-)
2026-05-14 10:44:52,355 [INFO] ==================================================
2026-05-14 10:44:52,355 [INFO] 카테고리1 선택: 냉장
2026-05-14 10:44:56,572 [INFO]   카테고리 클릭 (1201, 220)
2026-05-14 10:44:57,074 [INFO] 조회 버튼 클릭...
2026-05-14 10:44:59,093 [INFO]   조회 클릭 (337, 74)
2026-05-14 10:44:59,093 [INFO]   데이터 로딩 대기 중...
2026-05-14 10:45:01,094 [INFO]   조회 완료
2026-05-14 10:45:01,095 [INFO] 그리드 좌상단 복사 버튼 클릭...
2026-05-14 10:45:01,096 [INFO]   복사 버튼 클릭 (334, 190)
2026-05-14 10:45:04,068 [INFO]   클립보드 읽기 성공 (Csv/euc-kr, 4507자)
2026-05-14 10:45:05,123 [INFO]   확인 팝업 닫기 완료 (Enter)
2026-05-14 10:45:05,124 [INFO]   클립보드 데이터: 71행
2026-05-14 10:45:05,125 [INFO]   클립보드 미리보기: 'Item Code,Item 명,물품대,누계계획,누계실적,누계진척율,13일,\r\n"111100","E엔초(40)_베트남","545.450","16,654","0","0.00","0",\r\n"112715","떡붕어싸만코(30)B","954.550","215,978","3,317","1.54","3,317",\r\n"112716","초코붕어싸만코 크런치(30)B","9'
2026-05-14 10:45:05,126 [INFO]   구분자 감지: COMMA
2026-05-14 10:45:05,127 [INFO]   파싱 완료: 71행
2026-05-14 10:45:05,127 [INFO]   [DRY-RUN] F10_냉장.xlsx / 2026-05: 71행 × 8열 (기록 안함)
2026-05-14 10:45:07,381 [INFO] ==================================================
2026-05-14 10:45:07,382 [INFO] ▶ F20_냉동.xlsx (factory=F20, category=냉동, suffix=-)
2026-05-14 10:45:07,382 [INFO] ==================================================
2026-05-14 10:45:07,383 [INFO] 공장 선택: F20
