2026-05-14 10:53:16,819 [INFO] 설정 파일 로드: E:\AI-Elite_Energy-Dashboard-Web\tools\automation\mis\mis_production_coords.json
2026-05-14 10:53:16,819 [INFO]   대기시간: short=0.5s, dropdown=0.3s, query=2.0s
2026-05-14 10:53:16,820 [INFO] === MIS 생산실적 RPA 초기화 ===
2026-05-14 10:53:16,820 [INFO]   기준일자: 2026-05-01 ~ 2026-05-12
2026-05-14 10:53:16,820 [INFO]   시트명  : 2026-05
2026-05-14 10:53:16,820 [INFO]   Dry-run : True
2026-05-14 10:53:16,820 [INFO] ============================================================
2026-05-14 10:53:16,820 [INFO] MIS 생산실적 RPA 시작
2026-05-14 10:53:16,821 [INFO] ============================================================
2026-05-14 10:53:16,821 [INFO] 대상 파일 9건 발견:
2026-05-14 10:53:16,821 [INFO]   - F10_냉동.xlsx                    (factory=F10, category=냉동, suffix=-)
2026-05-14 10:53:16,821 [INFO]   - F10_냉장.xlsx                    (factory=F10, category=냉장, suffix=-)
2026-05-14 10:53:16,822 [INFO]   - F20_냉동.xlsx                    (factory=F20, category=냉동, suffix=-)
2026-05-14 10:53:16,822 [INFO]   - F20_냉장.xlsx                    (factory=F20, category=냉장, suffix=-)
2026-05-14 10:53:16,822 [INFO]   - F20_상온_MY.xlsx                 (factory=F20, category=상온, suffix=MY)
2026-05-14 10:53:16,822 [INFO]   - F30_냉장_FM.xlsx                 (factory=F30, category=냉장, suffix=FM)
2026-05-14 10:53:16,822 [INFO]   - F30_상온.xlsx                    (factory=F30, category=상온, suffix=-)
2026-05-14 10:53:16,822 [INFO]   - F40_냉동.xlsx                    (factory=F40, category=냉동, suffix=-)
2026-05-14 10:53:16,822 [INFO]   - F40_냉장_MY.xlsx                 (factory=F40, category=냉장, suffix=MY)
2026-05-14 10:53:16,822 [INFO] MIS 앱 연결 중...
2026-05-14 10:53:26,232 [INFO] MIS 연결 성공:  (신)종합정보
2026-05-14 10:53:29,122 [INFO] '기간별 제품 생산실적(일/월)' 화면으로 이동 중...
2026-05-14 10:53:33,249 [INFO] 화면 이동 완료
2026-05-14 10:53:33,249 [INFO] 기준일자 설정: 2026-05-01 ~ 2026-05-12
2026-05-14 10:53:35,343 [INFO]   시작일 클릭 (609, 108)
2026-05-14 10:53:37,212 [INFO]   시작일 입력: 20260501
2026-05-14 10:53:40,304 [INFO]   종료일 클릭 (609, 130)
2026-05-14 10:53:42,177 [INFO]   종료일 입력: 20260512
2026-05-14 10:53:43,243 [INFO] 항목구분 선택: 중량
